<?xml version="1.0" encoding="UTF-8"?>
<!-- Generated by org.testng.reporters.JUnitXMLReporter -->
<testsuite hostname="DESKTOP-PPOL0UJ" ignored="0" name="Candidate" tests="8" failures="1" timestamp="2022-06-07T00:13:42 EDT" time="41.007" errors="0">
  <testcase name="validEmailandPwd" time="3.196" classname="com.testCases.JMB_CALogin_001"/>
  <testcase name="emailBlank" time="0.735" classname="com.testCases.JMB_CALogin_002"/>
  <testcase name="pwdBlank" time="0.803" classname="com.testCases.JMB_CALogin_003"/>
  <testcase name="invalidPassword" time="1.075" classname="com.testCases.JMB_CALogin_004"/>
  <testcase name="invalidEmail" time="0.915" classname="com.testCases.JMB_CALogin_005"/>
  <testcase name="invalidEmailInvPassword" time="1.12" classname="com.testCases.JMB_CALogin_006"/>
  <testcase name="candidateSignUpLink" time="1.203" classname="com.testCases.JMB_CALogin_007"/>
  <testcase name="forgotPasswordLink" time="4.357" classname="com.testCases.JMB_CALogin_008">
    <failure type="java.lang.AssertionError" message="The following asserts failed:
	expected [true] but found [false]">
      <![CDATA[java.lang.AssertionError: The following asserts failed:
expected [true] but found [false]
at com.testCases.JMB_CALogin_008.forgotPasswordLink(JMB_CALogin_008.java:104)
at java.util.ArrayList.forEach(ArrayList.java:1259)
... Removed 29 stack frames]]>
    </failure>
  </testcase> <!-- forgotPasswordLink -->
</testsuite> <!-- Candidate -->
